<?xml version="1.0" encoding="UTF-8"?>
<!-- Generated by org.testng.reporters.JUnitReportReporter -->
<testsuite hostname="sagor-itech" failures="0" tests="3" name="testCases.ForgotPasswordTest" time="52.964" errors="0" timestamp="2025-05-26T18:35:28 BDT" skipped="0">
  <testcase classname="testCases.ForgotPasswordTest" name="VerifyLinkSend" time="18.132"/>
  <testcase classname="testCases.ForgotPasswordTest" name="EmailCodePickUp" time="24.846"/>
  <testcase classname="testCases.ForgotPasswordTest" name="CreateNewPass" time="9.986"/>
</testsuite> <!-- testCases.ForgotPasswordTest -->
