<?xml version="1.0" encoding="UTF-8"?>
<!-- Generated by org.testng.reporters.JUnitReportReporter -->
<testsuite hostname="DESKTOP-S6MV8ON" failures="0" tests="4" name="testCases.SearchAndOrder" time="77.057" errors="0" timestamp="2025-06-01T20:29:07 BDT" skipped="0">
  <testcase classname="testCases.SearchAndOrder" name="login" time="25.707"/>
  <testcase classname="testCases.SearchAndOrder" name="searchProduct" time="14.179"/>
  <testcase classname="testCases.SearchAndOrder" name="AddToCart" time="8.909"/>
  <testcase classname="testCases.SearchAndOrder" name="ShoppingCart_CheckOut_and_placeOrder" time="28.262"/>
</testsuite> <!-- testCases.SearchAndOrder -->
