<?xml version="1.0" encoding="UTF-8"?>
<!-- Generated by org.testng.reporters.JUnitReportReporter -->
<testsuite hostname="sagor-itech" failures="0" tests="1" name="testCases.AddressBookCreateTest" time="47.292" errors="0" timestamp="2025-05-27T17:12:19 BDT" skipped="0">
  <testcase classname="testCases.AddressBookCreateTest" name="SaveAddressBook" time="47.292"/>
</testsuite> <!-- testCases.AddressBookCreateTest -->
