<?xml version="1.0" encoding="UTF-8"?>
<!-- Generated by org.testng.reporters.JUnitReportReporter -->
<testsuite hostname="sagor-itech" failures="0" tests="1" name="testCases.NewCustomerCreateTest" time="24.129" errors="0" timestamp="2025-05-26T13:57:14 BDT" skipped="0">
  <testcase classname="testCases.NewCustomerCreateTest" name="CreateNewAccount" time="24.129"/>
</testsuite> <!-- testCases.NewCustomerCreateTest -->
