<?xml version="1.0" encoding="UTF-8"?>
<!-- Generated by org.testng.reporters.JUnitReportReporter -->
<testsuite hostname="DESKTOP-S6MV8ON" failures="0" tests="1" name="testCases.LoginTest" time="24.448" errors="0" timestamp="2025-06-01T15:38:29 BDT" skipped="0">
  <testcase classname="testCases.LoginTest" name="verifyLogin" time="24.448"/>
</testsuite> <!-- testCases.LoginTest -->
